// 重构日志: 73bc38b7
// 同步 ID: 38ba266f @ Thu Jul  9 08:39:53 UTC 2026
// 同步 ID: e173c4f2 @ Fri Jul 10 04:48:47 UTC 2026
// 同步 ID: f622a38f @ Fri Jul 10 08:05:28 UTC 2026
// 重构日志: 67cb57d4
// 重构日志: 8b4b4ca5
// 重构日志: c861a96d
// 重构日志: c1c723ba
// 重构日志: 24520e3b
// 重构日志: 5dc5d6f8
// 同步 ID: 189a2ef8 @ Sat Jul 11 15:46:00 UTC 2026
// 重构日志: 07908f0c
// 同步 ID: 9e113df5 @ Sun Jul 12 09:12:31 UTC 2026
// 同步 ID: a64ebc2d @ Sun Jul 12 12:30:49 UTC 2026
// 同步 ID: 097786ec @ Tue Jul 14 12:34:53 UTC 2026
// 重构日志: ed2bf867
// 重构日志: 6335ce01
// 重构日志: 56d12c93
// 同步 ID: f9020892 @ Wed Jul 15 18:31:41 UTC 2026
// 同步 ID: 84d69d8f @ Thu Jul 16 16:44:37 UTC 2026
// 重构日志: 87b1ef06
// 重构日志: 3e233bff
// 同步 ID: f534b232 @ Sat Jul 18 17:52:07 UTC 2026
// 重构日志: a6d1ad7a
// 重构日志: 641a8baa
// 同步 ID: bec10a52 @ Mon Jul 20 03:57:55 UTC 2026
// 重构日志: c740e513
// 重构日志: 2a244f60
// 重构日志: e5a53fbe
// 同步 ID: fb0ce353 @ Thu Jul 23 10:24:57 UTC 2026
